<?xml version="1.0" encoding="UTF-8"?>
<testng-results ignored="0" total="2" passed="2" failed="0" skipped="0">
  <reporter-output>
  </reporter-output>
  <suite started-at="2022-09-21T18:11:16 IST" name="Default suite" finished-at="2022-09-21T18:11:52 IST" duration-ms="35552">
    <groups>
    </groups>
    <test started-at="2022-09-21T18:11:16 IST" name="Default test" finished-at="2022-09-21T18:11:52 IST" duration-ms="35552">
      <class name="TestCases.TestCase1">
        <test-method is-config="true" signature="setupApplication()[pri:0, instance:TestCases.TestCase1@7f485fda]" started-at="2022-09-21T18:11:16 IST" name="setupApplication" finished-at="2022-09-21T18:11:33 IST" duration-ms="16860" status="PASS">
          <reporter-output>
          </reporter-output>
        </test-method> <!-- setupApplication -->
        <test-method signature="loginToApplication()[pri:1, instance:TestCases.TestCase1@7f485fda]" started-at="2022-09-21T18:11:33 IST" name="loginToApplication" description="This TC will perform valid login" finished-at="2022-09-21T18:11:43 IST" duration-ms="10434" status="PASS">
          <reporter-output>
          </reporter-output>
        </test-method> <!-- loginToApplication -->
        <test-method signature="Employyee()[pri:2, instance:TestCases.TestCase1@7f485fda]" started-at="2022-09-21T18:11:43 IST" name="Employyee" description="This TC will perform on home page" finished-at="2022-09-21T18:11:51 IST" duration-ms="7696" status="PASS">
          <reporter-output>
          </reporter-output>
        </test-method> <!-- Employyee -->
        <test-method is-config="true" signature="closeApplication()[pri:0, instance:TestCases.TestCase1@7f485fda]" started-at="2022-09-21T18:11:51 IST" name="closeApplication" finished-at="2022-09-21T18:11:52 IST" duration-ms="539" status="PASS">
          <reporter-output>
          </reporter-output>
        </test-method> <!-- closeApplication -->
      </class> <!-- TestCases.TestCase1 -->
    </test> <!-- Default test -->
  </suite> <!-- Default suite -->
</testng-results>
